2019-10-09 10:32:29,380-INFO-使用consul配置
2019-10-09 10:32:39,472-INFO-使用consul配置
2019-10-09 10:38:46,768-ERROR-call pro_alarm_list_query( "2018-01-01", "2018-01-01", "", "", "", "None", "None", "None", "None", "__alarmType desc", "10", "10")
2019-10-09 10:38:46,770-ERROR-Incorrect integer value: 'None' for column 'i___alarmSour' at row 1
2019-10-09 10:39:17,754-ERROR-call pro_alarm_list_query( "2018-01-01", "2018-01-01", "", "", "", "0", "None", "None", "None", "__alarmType desc", "10", "10")
2019-10-09 10:39:17,755-ERROR-Incorrect integer value: 'None' for column 'i_cz_status' at row 1
2019-10-09 10:40:42,326-ERROR-call pro_alarm_list_query( "2018-01-01", "2018-01-01", "", "", "", "0", "0", "None", "None", "__alarmType desc", "10", "10")
2019-10-09 10:40:42,327-ERROR-Incorrect integer value: 'None' for column 'i__interested' at row 1
2019-10-09 10:41:00,836-ERROR-call pro_alarm_list_query( "2018-01-01", "2018-01-01", "", "", "", "0", "0", "0", "None", "__alarmType desc", "10", "10")
2019-10-09 10:41:00,837-ERROR-Incorrect integer value: 'None' for column 'i___alarmType' at row 1
2019-10-09 10:45:57,817-INFO-使用consul配置
2019-10-09 10:46:05,129-INFO-使用consul配置
2019-10-09 10:49:07,590-INFO-使用consul配置
2019-10-09 10:49:14,692-INFO-使用consul配置
2019-10-09 10:58:10,834-INFO-使用consul配置
2019-10-09 10:58:18,923-INFO-使用consul配置
2019-10-09 10:59:12,438-ERROR-call pro_alarm_list_query( "2018-01-01", "2018-01-01", "", "", "", "0", "0", "0", "0", "__alarmType desc", "10", "10")
2019-10-09 10:59:12,440-ERROR-In aggregated query without GROUP BY, expression #1 of SELECT list contains nonaggregated column 'yth_alarm.alarm_list.__security'; this is incompatible with sql_mode=only_full_group_by
2019-10-09 11:01:06,324-INFO-使用consul配置
2019-10-09 11:01:15,291-INFO-使用consul配置
2019-10-09 13:44:15,361-ERROR-call tj_frontpage_alarm_list('2019-10-09','2019-10-09','')
2019-10-09 13:44:15,362-ERROR-unknown db error
2019-10-09 13:44:41,495-ERROR-call tj_frontpage_alarm_list('2019-10-09','2019-10-09','')
2019-10-09 13:44:41,496-ERROR-unknown db error
2019-10-09 13:45:18,184-ERROR-call tj_frontpage_alarm_list('2019-10-09','2019-10-09','')
2019-10-09 13:45:18,185-ERROR-unknown db error
2019-10-09 13:45:35,486-DEBUG-按涉密风险值排序
2019-10-09 13:45:35,511-DEBUG-使用查询语句:{'sort': [{'__alarmLevel': {'order': 'desc'}}, {'__connectTime': {'order': 'desc'}}], 'aggs': {'document': {'aggs': {'document': {'terms': {'field': '__document', 'size': 20}}}, 'filter': {'bool': {'must_not': [{'match': {'__document': ''}}]}}}, 'industry': {'aggs': {'industry': {'terms': {'field': '__industry', 'size': 50}}}, 'filter': {'bool': {'must_not': [{'match': {'__industry': ''}}, {'match': {'__industry': '其它类'}}]}}}, 'group_by_platform': {'terms': {'field': '_platforms', 'size': 10}}, '__alarmKey': {'aggs': {'group_by_keyword': {'terms': {'field': '__alarmKey.__keyword', 'size': 20}}}, 'nested': {'path': '__alarmKey'}}, 'security': {'aggs': {'security': {'terms': {'field': '__security', 'size': 50}}}, 'filter': {'bool': {'must_not': [{'match': {'__security': ''}}]}}}}, 'query': {'bool': {'filter': {'range': {'__connectTime': {'gte': '2019-10-02', 'format': 'yyyy-MM-dd', 'lte': '2019-10-09'}}}, 'must': [{'match_all': {}}]}}, 'highlight': {}}，从es中搜索数据
2019-10-09 14:02:30,290-ERROR-call tj_frontpage_alarm_list('2019-10-09','2019-10-09','')
2019-10-09 14:02:30,291-ERROR-unknown db error
2019-10-09 14:11:59,350-DEBUG-按涉密风险值排序
2019-10-09 14:11:59,352-DEBUG-使用查询语句:{'sort': [{'__alarmLevel': {'order': 'desc'}}, {'__connectTime': {'order': 'desc'}}], 'aggs': {'document': {'aggs': {'document': {'terms': {'field': '__document', 'size': 20}}}, 'filter': {'bool': {'must_not': [{'match': {'__document': ''}}]}}}, 'industry': {'aggs': {'industry': {'terms': {'field': '__industry', 'size': 50}}}, 'filter': {'bool': {'must_not': [{'match': {'__industry': ''}}, {'match': {'__industry': '其它类'}}]}}}, 'group_by_platform': {'terms': {'field': '_platforms', 'size': 10}}, '__alarmKey': {'aggs': {'group_by_keyword': {'terms': {'field': '__alarmKey.__keyword', 'size': 20}}}, 'nested': {'path': '__alarmKey'}}, 'security': {'aggs': {'security': {'terms': {'field': '__security', 'size': 50}}}, 'filter': {'bool': {'must_not': [{'match': {'__security': ''}}]}}}}, 'query': {'bool': {'filter': {'range': {'__connectTime': {'gte': '2019-10-02', 'format': 'yyyy-MM-dd', 'lte': '2019-10-09'}}}, 'must': [{'match_all': {}}]}}, 'highlight': {}}，从es中搜索数据
2019-10-09 14:12:02,968-DEBUG-========>进入 search_yth_base 函数,['time_format=yyyy-MM-dd', 'exact_query=False', 'order=__connectTime', '__connectTime=True', 'match_str=None', 'orderType=desc', 'size=50', 'begin_time=2019-10-02', 'end_time=2019-10-09', '__actionType=None', '_interested=False', 'from=0']
2019-10-09 14:12:02,971-DEBUG-按接入时间排序
2019-10-09 14:12:02,973-DEBUG-使用查询语句:{'sort': [{'__connectTime': {'order': 'desc'}}, {'_id': {'order': 'asc'}}], 'aggs': {'actionType_agg': {'aggs': {'__actionType': {'terms': {'field': '__actionType', 'size': 30}}}, 'filter': {'bool': {'must_not': [{'match': {'__actionType': ''}}]}}}}, 'query': {'bool': {'filter': {'range': {'__connectTime': {'gte': '2019-10-02', 'format': 'yyyy-MM-dd', 'lte': '2019-10-09'}}}}}, 'highlight': {}}，从es中搜索数据
2019-10-09 14:18:40,201-INFO-使用consul配置
2019-10-09 14:18:49,672-INFO-使用consul配置
2019-10-09 14:27:58,874-DEBUG-按涉密风险值排序
2019-10-09 14:27:58,876-DEBUG-使用查询语句:{'query': {'bool': {'must': [{'match_all': {}}], 'filter': {'range': {'__connectTime': {'gte': '2019-10-02', 'lte': '2019-10-09', 'format': 'yyyy-MM-dd'}}}}}, 'aggs': {'group_by_platform': {'terms': {'field': '_platforms', 'size': 10}}, '__alarmKey': {'aggs': {'group_by_keyword': {'terms': {'field': '__alarmKey.__keyword', 'size': 20}}}, 'nested': {'path': '__alarmKey'}}, 'document': {'aggs': {'document': {'terms': {'field': '__document', 'size': 20}}}, 'filter': {'bool': {'must_not': [{'match': {'__document': ''}}]}}}, 'industry': {'aggs': {'industry': {'terms': {'field': '__industry', 'size': 50}}}, 'filter': {'bool': {'must_not': [{'match': {'__industry': ''}}, {'match': {'__industry': '其它类'}}]}}}, 'security': {'aggs': {'security': {'terms': {'field': '__security', 'size': 50}}}, 'filter': {'bool': {'must_not': [{'match': {'__security': ''}}]}}}}, 'highlight': {}, 'sort': [{'__alarmLevel': {'order': 'desc'}}, {'__connectTime': {'order': 'desc'}}]}，从es中搜索数据
2019-10-09 14:28:02,220-DEBUG-进入 query_yth_rarchildren 函数，查询根文件下面的子文件
2019-10-09 14:28:02,258-DEBUG-进入 query_yth_fileana_by_md5 函数 ,a29826994780a2dac3bf6c10d76dc893
2019-10-09 14:28:03,021-DEBUG-进入 query_content_text 函数 ,a29826994780a2dac3bf6c10d76dc893
2019-10-09 14:28:03,105-DEBUG-进入 search_sim_doc 函数
2019-10-09 14:28:05,362-DEBUG-========>进入 search_yth_base 函数,['from=0', '__connectTime=True', 'orderType=desc', '__actionType=None', '_interested=False', 'order=__connectTime', 'size=50', 'time_format=yyyy-MM-dd', 'exact_query=False', 'begin_time=2019-10-02', 'match_str=None', 'end_time=2019-10-09']
2019-10-09 14:28:05,365-DEBUG-按接入时间排序
2019-10-09 14:28:05,366-DEBUG-使用查询语句:{'query': {'bool': {'filter': {'range': {'__connectTime': {'gte': '2019-10-02', 'lte': '2019-10-09', 'format': 'yyyy-MM-dd'}}}}}, 'aggs': {'actionType_agg': {'aggs': {'__actionType': {'terms': {'field': '__actionType', 'size': 30}}}, 'filter': {'bool': {'must_not': [{'match': {'__actionType': ''}}]}}}}, 'highlight': {}, 'sort': [{'__connectTime': {'order': 'desc'}}, {'_id': {'order': 'asc'}}]}，从es中搜索数据
2019-10-09 14:28:51,708-DEBUG-========>进入 search_yth_base 函数,['from=0', '__connectTime=True', 'orderType=desc', '__actionType=filetransfer', '_interested=False', 'order=__connectTime', 'size=50', 'time_format=yyyy-MM-dd', 'exact_query=False', 'begin_time=2019-10-02', 'match_str=None', 'end_time=2019-10-09']
2019-10-09 14:28:51,715-DEBUG-按接入时间排序
2019-10-09 14:28:51,717-DEBUG-使用查询语句:{'query': {'bool': {'filter': {'bool': {'must': [{'range': {'__connectTime': {'gte': '2019-10-02', 'lte': '2019-10-09', 'format': 'yyyy-MM-dd'}}}, {'term': {'__actionType': 'filetransfer'}}]}}}}, 'aggs': {'actionType_agg': {'aggs': {'__actionType': {'terms': {'field': '__actionType', 'size': 30}}}, 'filter': {'bool': {'must_not': [{'match': {'__actionType': ''}}]}}}}, 'highlight': {}, 'sort': [{'__connectTime': {'order': 'desc'}}, {'_id': {'order': 'asc'}}]}，从es中搜索数据
2019-10-09 14:30:01,245-DEBUG-进入 query_yth_base_by_md5 函数，查询MD5：1c8aac4a7da7a29901bba26c05e3183d的行为记录
2019-10-09 14:30:07,590-DEBUG-按涉密风险值排序
2019-10-09 14:30:07,592-DEBUG-使用查询语句:{'query': {'bool': {'must': [{'match_all': {}}], 'filter': {'range': {'__connectTime': {'gte': '2019-10-02', 'lte': '2019-10-09', 'format': 'yyyy-MM-dd'}}}}}, 'aggs': {'group_by_platform': {'terms': {'field': '_platforms', 'size': 10}}, '__alarmKey': {'aggs': {'group_by_keyword': {'terms': {'field': '__alarmKey.__keyword', 'size': 20}}}, 'nested': {'path': '__alarmKey'}}, 'document': {'aggs': {'document': {'terms': {'field': '__document', 'size': 20}}}, 'filter': {'bool': {'must_not': [{'match': {'__document': ''}}]}}}, 'industry': {'aggs': {'industry': {'terms': {'field': '__industry', 'size': 50}}}, 'filter': {'bool': {'must_not': [{'match': {'__industry': ''}}, {'match': {'__industry': '其它类'}}]}}}, 'security': {'aggs': {'security': {'terms': {'field': '__security', 'size': 50}}}, 'filter': {'bool': {'must_not': [{'match': {'__security': ''}}]}}}}, 'highlight': {}, 'sort': [{'__alarmLevel': {'order': 'desc'}}, {'__connectTime': {'order': 'desc'}}]}，从es中搜索数据
2019-10-09 14:30:09,798-DEBUG-========>进入 search_yth_base 函数,['from=0', '__connectTime=True', 'orderType=desc', '__actionType=None', '_interested=False', 'order=__connectTime', 'size=50', 'time_format=yyyy-MM-dd', 'exact_query=False', 'begin_time=2019-10-02', 'match_str=None', 'end_time=2019-10-09']
2019-10-09 14:30:09,801-DEBUG-按接入时间排序
2019-10-09 14:30:09,802-DEBUG-使用查询语句:{'query': {'bool': {'filter': {'range': {'__connectTime': {'gte': '2019-10-02', 'lte': '2019-10-09', 'format': 'yyyy-MM-dd'}}}}}, 'aggs': {'actionType_agg': {'aggs': {'__actionType': {'terms': {'field': '__actionType', 'size': 30}}}, 'filter': {'bool': {'must_not': [{'match': {'__actionType': ''}}]}}}}, 'highlight': {}, 'sort': [{'__connectTime': {'order': 'desc'}}, {'_id': {'order': 'asc'}}]}，从es中搜索数据
2019-10-09 14:30:12,564-DEBUG-========>进入 search_yth_base 函数,['from=0', '__connectTime=True', 'orderType=desc', '__actionType=filetransfer', '_interested=False', 'order=__connectTime', 'size=50', 'time_format=yyyy-MM-dd', 'exact_query=False', 'begin_time=2019-10-02', 'match_str=None', 'end_time=2019-10-09']
2019-10-09 14:30:12,567-DEBUG-按接入时间排序
2019-10-09 14:30:12,568-DEBUG-使用查询语句:{'query': {'bool': {'filter': {'bool': {'must': [{'range': {'__connectTime': {'gte': '2019-10-02', 'lte': '2019-10-09', 'format': 'yyyy-MM-dd'}}}, {'term': {'__actionType': 'filetransfer'}}]}}}}, 'aggs': {'actionType_agg': {'aggs': {'__actionType': {'terms': {'field': '__actionType', 'size': 30}}}, 'filter': {'bool': {'must_not': [{'match': {'__actionType': ''}}]}}}}, 'highlight': {}, 'sort': [{'__connectTime': {'order': 'desc'}}, {'_id': {'order': 'asc'}}]}，从es中搜索数据
2019-10-09 14:30:20,245-DEBUG-========>进入 search_yth_base 函数,['from=0', '__connectTime=True', 'orderType=desc', '__actionType=website', '_interested=False', 'order=__connectTime', 'size=50', 'time_format=yyyy-MM-dd', 'exact_query=False', 'begin_time=2019-10-02', 'match_str=None', 'end_time=2019-10-09']
2019-10-09 14:30:20,248-DEBUG-按接入时间排序
2019-10-09 14:30:20,249-DEBUG-使用查询语句:{'query': {'bool': {'filter': {'bool': {'must': [{'range': {'__connectTime': {'gte': '2019-10-02', 'lte': '2019-10-09', 'format': 'yyyy-MM-dd'}}}, {'term': {'__actionType': 'website'}}]}}}}, 'aggs': {'actionType_agg': {'aggs': {'__actionType': {'terms': {'field': '__actionType', 'size': 30}}}, 'filter': {'bool': {'must_not': [{'match': {'__actionType': ''}}]}}}}, 'highlight': {}, 'sort': [{'__connectTime': {'order': 'desc'}}, {'_id': {'order': 'asc'}}]}，从es中搜索数据
2019-10-09 14:30:27,089-DEBUG-========>进入 search_yth_base 函数,['from=0', '__connectTime=True', 'orderType=desc', '__actionType=docaudit', '_interested=False', 'order=__connectTime', 'size=50', 'time_format=yyyy-MM-dd', 'exact_query=False', 'begin_time=2019-10-02', 'match_str=None', 'end_time=2019-10-09']
2019-10-09 14:30:27,091-DEBUG-按接入时间排序
2019-10-09 14:30:27,093-DEBUG-使用查询语句:{'query': {'bool': {'filter': {'bool': {'must': [{'range': {'__connectTime': {'gte': '2019-10-02', 'lte': '2019-10-09', 'format': 'yyyy-MM-dd'}}}, {'term': {'__actionType': 'docaudit'}}]}}}}, 'aggs': {'actionType_agg': {'aggs': {'__actionType': {'terms': {'field': '__actionType', 'size': 30}}}, 'filter': {'bool': {'must_not': [{'match': {'__actionType': ''}}]}}}}, 'highlight': {}, 'sort': [{'__connectTime': {'order': 'desc'}}, {'_id': {'order': 'asc'}}]}，从es中搜索数据
2019-10-09 14:30:34,885-DEBUG-========>进入 search_yth_base 函数,['from=0', '__connectTime=True', 'orderType=desc', '__actionType=csmp', '_interested=False', 'order=__connectTime', 'size=50', 'time_format=yyyy-MM-dd', 'exact_query=False', 'begin_time=2019-10-02', 'match_str=None', 'end_time=2019-10-09']
2019-10-09 14:30:34,888-DEBUG-按接入时间排序
2019-10-09 14:30:34,890-DEBUG-使用查询语句:{'query': {'bool': {'filter': {'bool': {'must': [{'range': {'__connectTime': {'gte': '2019-10-02', 'lte': '2019-10-09', 'format': 'yyyy-MM-dd'}}}, {'term': {'__actionType': 'csmp'}}]}}}}, 'aggs': {'actionType_agg': {'aggs': {'__actionType': {'terms': {'field': '__actionType', 'size': 30}}}, 'filter': {'bool': {'must_not': [{'match': {'__actionType': ''}}]}}}}, 'highlight': {}, 'sort': [{'__connectTime': {'order': 'desc'}}, {'_id': {'order': 'asc'}}]}，从es中搜索数据
2019-10-09 14:30:41,734-DEBUG-========>进入 search_yth_base 函数,['from=0', '__connectTime=True', 'orderType=desc', '__actionType=website', '_interested=False', 'order=__connectTime', 'size=50', 'time_format=yyyy-MM-dd', 'exact_query=False', 'begin_time=2019-10-02', 'match_str=None', 'end_time=2019-10-09']
2019-10-09 14:30:41,737-DEBUG-按接入时间排序
2019-10-09 14:30:41,738-DEBUG-使用查询语句:{'query': {'bool': {'filter': {'bool': {'must': [{'range': {'__connectTime': {'gte': '2019-10-02', 'lte': '2019-10-09', 'format': 'yyyy-MM-dd'}}}, {'term': {'__actionType': 'website'}}]}}}}, 'aggs': {'actionType_agg': {'aggs': {'__actionType': {'terms': {'field': '__actionType', 'size': 30}}}, 'filter': {'bool': {'must_not': [{'match': {'__actionType': ''}}]}}}}, 'highlight': {}, 'sort': [{'__connectTime': {'order': 'desc'}}, {'_id': {'order': 'asc'}}]}，从es中搜索数据
2019-10-09 14:30:58,699-DEBUG-========>进入 search_yth_base 函数,['from=0', '__connectTime=True', 'orderType=desc', '__actionType=filetransfer', '_interested=False', 'order=__connectTime', 'size=50', 'time_format=yyyy-MM-dd', 'exact_query=False', 'begin_time=2019-10-02', 'match_str=None', 'end_time=2019-10-09']
2019-10-09 14:30:58,702-DEBUG-按接入时间排序
2019-10-09 14:30:58,704-DEBUG-使用查询语句:{'query': {'bool': {'filter': {'bool': {'must': [{'range': {'__connectTime': {'gte': '2019-10-02', 'lte': '2019-10-09', 'format': 'yyyy-MM-dd'}}}, {'term': {'__actionType': 'filetransfer'}}]}}}}, 'aggs': {'actionType_agg': {'aggs': {'__actionType': {'terms': {'field': '__actionType', 'size': 30}}}, 'filter': {'bool': {'must_not': [{'match': {'__actionType': ''}}]}}}}, 'highlight': {}, 'sort': [{'__connectTime': {'order': 'desc'}}, {'_id': {'order': 'asc'}}]}，从es中搜索数据
2019-10-09 14:31:04,672-DEBUG-========>进入 search_yth_base 函数,['from=0', '__connectTime=True', 'orderType=desc', '__actionType=netdisk', '_interested=False', 'order=__connectTime', 'size=50', 'time_format=yyyy-MM-dd', 'exact_query=False', 'begin_time=2019-10-02', 'match_str=None', 'end_time=2019-10-09']
2019-10-09 14:31:04,674-DEBUG-按接入时间排序
2019-10-09 14:31:04,676-DEBUG-使用查询语句:{'query': {'bool': {'filter': {'bool': {'must': [{'range': {'__connectTime': {'gte': '2019-10-02', 'lte': '2019-10-09', 'format': 'yyyy-MM-dd'}}}, {'term': {'__actionType': 'netdisk'}}]}}}}, 'aggs': {'actionType_agg': {'aggs': {'__actionType': {'terms': {'field': '__actionType', 'size': 30}}}, 'filter': {'bool': {'must_not': [{'match': {'__actionType': ''}}]}}}}, 'highlight': {}, 'sort': [{'__connectTime': {'order': 'desc'}}, {'_id': {'order': 'asc'}}]}，从es中搜索数据
2019-10-09 14:31:06,389-DEBUG-========>进入 search_yth_base 函数,['from=0', '__connectTime=True', 'orderType=desc', '__actionType=http', '_interested=False', 'order=__connectTime', 'size=50', 'time_format=yyyy-MM-dd', 'exact_query=False', 'begin_time=2019-10-02', 'match_str=None', 'end_time=2019-10-09']
2019-10-09 14:31:06,394-DEBUG-按接入时间排序
2019-10-09 14:31:06,396-DEBUG-使用查询语句:{'query': {'bool': {'filter': {'bool': {'must': [{'range': {'__connectTime': {'gte': '2019-10-02', 'lte': '2019-10-09', 'format': 'yyyy-MM-dd'}}}, {'term': {'__actionType': 'http'}}]}}}}, 'aggs': {'actionType_agg': {'aggs': {'__actionType': {'terms': {'field': '__actionType', 'size': 30}}}, 'filter': {'bool': {'must_not': [{'match': {'__actionType': ''}}]}}}}, 'highlight': {}, 'sort': [{'__connectTime': {'order': 'desc'}}, {'_id': {'order': 'asc'}}]}，从es中搜索数据
2019-10-09 14:31:07,355-DEBUG-========>进入 search_yth_base 函数,['from=0', '__connectTime=True', 'orderType=desc', '__actionType=im', '_interested=False', 'order=__connectTime', 'size=50', 'time_format=yyyy-MM-dd', 'exact_query=False', 'begin_time=2019-10-02', 'match_str=None', 'end_time=2019-10-09']
2019-10-09 14:31:07,358-DEBUG-按接入时间排序
2019-10-09 14:31:07,359-DEBUG-使用查询语句:{'query': {'bool': {'filter': {'bool': {'must': [{'range': {'__connectTime': {'gte': '2019-10-02', 'lte': '2019-10-09', 'format': 'yyyy-MM-dd'}}}, {'term': {'__actionType': 'im'}}]}}}}, 'aggs': {'actionType_agg': {'aggs': {'__actionType': {'terms': {'field': '__actionType', 'size': 30}}}, 'filter': {'bool': {'must_not': [{'match': {'__actionType': ''}}]}}}}, 'highlight': {}, 'sort': [{'__connectTime': {'order': 'desc'}}, {'_id': {'order': 'asc'}}]}，从es中搜索数据
2019-10-09 14:31:08,128-DEBUG-========>进入 search_yth_base 函数,['from=0', '__connectTime=True', 'orderType=desc', '__actionType=email', '_interested=False', 'order=__connectTime', 'size=50', 'time_format=yyyy-MM-dd', 'exact_query=False', 'begin_time=2019-10-02', 'match_str=None', 'end_time=2019-10-09']
2019-10-09 14:31:08,131-DEBUG-按接入时间排序
2019-10-09 14:31:08,132-DEBUG-使用查询语句:{'query': {'bool': {'filter': {'bool': {'must': [{'range': {'__connectTime': {'gte': '2019-10-02', 'lte': '2019-10-09', 'format': 'yyyy-MM-dd'}}}, {'term': {'__actionType': 'email'}}]}}}}, 'aggs': {'actionType_agg': {'aggs': {'__actionType': {'terms': {'field': '__actionType', 'size': 30}}}, 'filter': {'bool': {'must_not': [{'match': {'__actionType': ''}}]}}}}, 'highlight': {}, 'sort': [{'__connectTime': {'order': 'desc'}}, {'_id': {'order': 'asc'}}]}，从es中搜索数据
2019-10-09 14:31:09,372-DEBUG-========>进入 search_yth_base 函数,['from=0', '__connectTime=True', 'orderType=desc', '__actionType=filetransfer', '_interested=False', 'order=__connectTime', 'size=50', 'time_format=yyyy-MM-dd', 'exact_query=False', 'begin_time=2019-10-02', 'match_str=None', 'end_time=2019-10-09']
2019-10-09 14:31:09,375-DEBUG-按接入时间排序
2019-10-09 14:31:09,376-DEBUG-使用查询语句:{'query': {'bool': {'filter': {'bool': {'must': [{'range': {'__connectTime': {'gte': '2019-10-02', 'lte': '2019-10-09', 'format': 'yyyy-MM-dd'}}}, {'term': {'__actionType': 'filetransfer'}}]}}}}, 'aggs': {'actionType_agg': {'aggs': {'__actionType': {'terms': {'field': '__actionType', 'size': 30}}}, 'filter': {'bool': {'must_not': [{'match': {'__actionType': ''}}]}}}}, 'highlight': {}, 'sort': [{'__connectTime': {'order': 'desc'}}, {'_id': {'order': 'asc'}}]}，从es中搜索数据
2019-10-09 14:31:11,040-DEBUG-========>进入 search_yth_base 函数,['from=0', '__connectTime=True', 'orderType=desc', '__actionType=website', '_interested=False', 'order=__connectTime', 'size=50', 'time_format=yyyy-MM-dd', 'exact_query=False', 'begin_time=2019-10-02', 'match_str=None', 'end_time=2019-10-09']
2019-10-09 14:31:11,043-DEBUG-按接入时间排序
2019-10-09 14:31:11,044-DEBUG-使用查询语句:{'query': {'bool': {'filter': {'bool': {'must': [{'range': {'__connectTime': {'gte': '2019-10-02', 'lte': '2019-10-09', 'format': 'yyyy-MM-dd'}}}, {'term': {'__actionType': 'website'}}]}}}}, 'aggs': {'actionType_agg': {'aggs': {'__actionType': {'terms': {'field': '__actionType', 'size': 30}}}, 'filter': {'bool': {'must_not': [{'match': {'__actionType': ''}}]}}}}, 'highlight': {}, 'sort': [{'__connectTime': {'order': 'desc'}}, {'_id': {'order': 'asc'}}]}，从es中搜索数据
2019-10-09 14:34:26,259-INFO-使用consul配置
2019-10-09 14:34:33,998-INFO-使用consul配置
2019-10-09 14:36:06,997-INFO-使用consul配置
2019-10-09 14:36:15,246-INFO-使用consul配置
2019-10-09 14:53:01,789-ERROR-call pro_alarm_list_query( "2018-10-09", "2019-10-09", "", "", "", "0", "1", "0", "0", "__alarmLevel desc", "50", "0")
2019-10-09 14:53:01,790-ERROR-Incorrect number of arguments for PROCEDURE yth_alarm.pro_alarm_list_query; expected 14, got 12
2019-10-09 14:54:22,474-ERROR-call pro_alarm_list_query( "2018-10-09", "2019-10-09", "", "", "", "0", "1", "0", "0", "__alarmLevel desc", "50", "0")
2019-10-09 14:54:22,474-ERROR-Incorrect number of arguments for PROCEDURE yth_alarm.pro_alarm_list_query; expected 14, got 12
2019-10-09 14:54:32,299-ERROR-call pro_alarm_list_query( "2018-10-09", "2019-10-09", "", "", "", "0", "1", "0", "0", "__alarmLevel desc", "50", "0")
2019-10-09 14:54:32,300-ERROR-Incorrect number of arguments for PROCEDURE yth_alarm.pro_alarm_list_query; expected 14, got 12
2019-10-09 14:54:35,544-ERROR-call pro_alarm_list_query( "2018-10-09", "2019-10-09", "", "", "", "0", "1", "0", "0", "__alarmLevel desc", "50", "0")
2019-10-09 14:54:35,545-ERROR-Incorrect number of arguments for PROCEDURE yth_alarm.pro_alarm_list_query; expected 14, got 12
2019-10-09 14:55:17,784-ERROR-call pro_alarm_list_query( "2018-10-09", "2019-10-09", "", "", "", "0", "1", "0", "0", "__alarmLevel desc", "50", "0")
2019-10-09 14:55:17,785-ERROR-Incorrect number of arguments for PROCEDURE yth_alarm.pro_alarm_list_query; expected 14, got 12
2019-10-09 14:55:28,319-ERROR-call pro_alarm_list_query( "2018-10-09", "2019-10-09", "", "", "", "0", "1", "0", "0", "__alarmLevel desc", "50", "0")
2019-10-09 14:55:28,320-ERROR-Incorrect number of arguments for PROCEDURE yth_alarm.pro_alarm_list_query; expected 14, got 12
2019-10-09 14:59:44,707-ERROR-call pro_alarm_list_query( "2019-09-09", "2019-10-09", "", "", "", "0", "1", "0", "0", "__alarmLevel desc", "50", "0")
2019-10-09 14:59:44,708-ERROR-Incorrect number of arguments for PROCEDURE yth_alarm.pro_alarm_list_query; expected 14, got 12
2019-10-09 14:59:52,413-ERROR-call pro_alarm_list_query( "2019-10-02", "2019-10-09", "", "", "", "0", "1", "0", "0", "__alarmLevel desc", "50", "0")
2019-10-09 14:59:52,425-ERROR-Incorrect number of arguments for PROCEDURE yth_alarm.pro_alarm_list_query; expected 14, got 12
2019-10-09 15:00:16,355-ERROR-call pro_alarm_list_query( "2018-10-09", "2019-10-09", "", "", "", "0", "1", "0", "0", "__alarmLevel desc", "50", "0")
2019-10-09 15:00:16,356-ERROR-Incorrect number of arguments for PROCEDURE yth_alarm.pro_alarm_list_query; expected 14, got 12
2019-10-09 15:00:52,362-ERROR-call pro_alarm_list_query( "2019-04-09", "2019-10-09", "", "", "", "0", "1", "0", "0", "__alarmLevel desc", "50", "0")
2019-10-09 15:00:52,363-ERROR-Incorrect number of arguments for PROCEDURE yth_alarm.pro_alarm_list_query; expected 14, got 12
2019-10-09 15:03:21,038-INFO-使用consul配置
2019-10-09 15:03:29,487-INFO-使用consul配置
2019-10-09 15:29:33,079-DEBUG-按涉密风险值排序
2019-10-09 15:29:33,081-DEBUG-使用查询语句:{'highlight': {}, 'aggs': {'__alarmKey': {'nested': {'path': '__alarmKey'}, 'aggs': {'group_by_keyword': {'terms': {'field': '__alarmKey.__keyword', 'size': 20}}}}, 'industry': {'filter': {'bool': {'must_not': [{'match': {'__industry': ''}}, {'match': {'__industry': '其它类'}}]}}, 'aggs': {'industry': {'terms': {'field': '__industry', 'size': 50}}}}, 'document': {'filter': {'bool': {'must_not': [{'match': {'__document': ''}}]}}, 'aggs': {'document': {'terms': {'field': '__document', 'size': 20}}}}, 'security': {'filter': {'bool': {'must_not': [{'match': {'__security': ''}}]}}, 'aggs': {'security': {'terms': {'field': '__security', 'size': 50}}}}, 'group_by_platform': {'terms': {'field': '_platforms', 'size': 10}}}, 'sort': [{'__alarmLevel': {'order': 'desc'}}, {'__connectTime': {'order': 'desc'}}], 'query': {'bool': {'must': [{'match_all': {}}], 'filter': {'range': {'__connectTime': {'format': 'yyyy-MM-dd', 'lte': '2019-10-09', 'gte': '2019-10-02'}}}}}}，从es中搜索数据
2019-10-09 15:29:35,896-DEBUG-按接入时间排序
2019-10-09 15:29:35,898-DEBUG-使用查询语句:{'highlight': {'fields': {'FileName': {}, '__Content-text': {'number_of_fragments': 1}}, 'post_tags': ['</highlight>'], 'pre_tags': ['<highlight>']}, 'aggs': {'__alarmKey': {'nested': {'path': '__alarmKey'}, 'aggs': {'group_by_keyword': {'terms': {'field': '__alarmKey.__keyword', 'size': 20}}}}, 'industry': {'filter': {'bool': {'must_not': [{'match': {'__industry': ''}}, {'match': {'__industry': '其它类'}}]}}, 'aggs': {'industry': {'terms': {'field': '__industry', 'size': 50}}}}, 'document': {'filter': {'bool': {'must_not': [{'match': {'__document': ''}}]}}, 'aggs': {'document': {'terms': {'field': '__document', 'size': 20}}}}, 'security': {'filter': {'bool': {'must_not': [{'match': {'__security': ''}}]}}, 'aggs': {'security': {'terms': {'field': '__security', 'size': 50}}}}, 'group_by_platform': {'terms': {'field': '_platforms', 'size': 10}}}, 'sort': [{'_score': {'order': 'desc'}}], 'query': {'bool': {'must': [{'bool': {'should': [{'query_string': {'query': 'pdf', 'default_field': '__Content-text'}}, {'query_string': {'query': 'pdf', 'default_field': 'FileName'}}]}}], 'filter': {'range': {'__connectTime': {'format': 'yyyy-MM-dd', 'lte': '2019-10-09', 'gte': '2019-10-02'}}}}}}，从es中搜索数据
2019-10-09 15:29:38,836-DEBUG-进入 query_yth_rarchildren 函数，查询根文件下面的子文件
2019-10-09 15:29:38,882-DEBUG-进入 query_yth_fileana_by_md5 函数 ,2b7bf883f5f3e7a479d9dc59a29df115
2019-10-09 15:29:39,562-DEBUG-进入 query_content_text 函数 ,2b7bf883f5f3e7a479d9dc59a29df115
2019-10-09 15:29:39,626-DEBUG-进入 search_sim_doc 函数
2019-10-09 15:29:55,042-DEBUG-进入 query_yth_rarchildren 函数，查询根文件下面的子文件
2019-10-09 15:29:55,121-DEBUG-进入 query_yth_fileana_by_md5 函数 ,345bf01b6bbf5d9ff05ca46f2c65f295
2019-10-09 15:29:55,650-DEBUG-进入 search_sim_doc 函数
2019-10-09 15:29:55,720-DEBUG-进入 query_content_text 函数 ,345bf01b6bbf5d9ff05ca46f2c65f295
2019-10-09 15:35:51,271-DEBUG-按涉密风险值排序
2019-10-09 15:35:51,274-DEBUG-使用查询语句:{'highlight': {}, 'aggs': {'__alarmKey': {'nested': {'path': '__alarmKey'}, 'aggs': {'group_by_keyword': {'terms': {'field': '__alarmKey.__keyword', 'size': 20}}}}, 'industry': {'filter': {'bool': {'must_not': [{'match': {'__industry': ''}}, {'match': {'__industry': '其它类'}}]}}, 'aggs': {'industry': {'terms': {'field': '__industry', 'size': 50}}}}, 'document': {'filter': {'bool': {'must_not': [{'match': {'__document': ''}}]}}, 'aggs': {'document': {'terms': {'field': '__document', 'size': 20}}}}, 'security': {'filter': {'bool': {'must_not': [{'match': {'__security': ''}}]}}, 'aggs': {'security': {'terms': {'field': '__security', 'size': 50}}}}, 'group_by_platform': {'terms': {'field': '_platforms', 'size': 10}}}, 'sort': [{'__alarmLevel': {'order': 'desc'}}, {'__connectTime': {'order': 'desc'}}], 'query': {'bool': {'must': [{'match_all': {}}], 'filter': {'range': {'__connectTime': {'format': 'yyyy-MM-dd', 'lte': '2019-10-09', 'gte': '2019-10-02'}}}}}}，从es中搜索数据
2019-10-09 15:35:53,703-DEBUG-========>进入 search_yth_base 函数,['end_time=2019-10-09', '_interested=False', 'size=50', 'begin_time=2019-10-02', 'from=0', 'time_format=yyyy-MM-dd', 'exact_query=False', 'orderType=desc', 'order=__connectTime', 'match_str=None', '__actionType=None', '__connectTime=True']
2019-10-09 15:35:53,706-DEBUG-按接入时间排序
2019-10-09 15:35:53,708-DEBUG-使用查询语句:{'highlight': {}, 'aggs': {'actionType_agg': {'filter': {'bool': {'must_not': [{'match': {'__actionType': ''}}]}}, 'aggs': {'__actionType': {'terms': {'field': '__actionType', 'size': 30}}}}}, 'sort': [{'__connectTime': {'order': 'desc'}}, {'_id': {'order': 'asc'}}], 'query': {'bool': {'filter': {'range': {'__connectTime': {'format': 'yyyy-MM-dd', 'lte': '2019-10-09', 'gte': '2019-10-02'}}}}}}，从es中搜索数据
2019-10-09 15:35:56,367-DEBUG-========>进入 search_yth_base 函数,['end_time=2019-10-09', '_interested=False', 'size=50', 'begin_time=2019-10-02', 'from=0', 'time_format=yyyy-MM-dd', 'exact_query=False', 'orderType=desc', 'order=__connectTime', 'match_str=None', '__actionType=website', '__connectTime=True']
2019-10-09 15:35:56,374-DEBUG-按接入时间排序
2019-10-09 15:35:56,376-DEBUG-使用查询语句:{'highlight': {}, 'aggs': {'actionType_agg': {'filter': {'bool': {'must_not': [{'match': {'__actionType': ''}}]}}, 'aggs': {'__actionType': {'terms': {'field': '__actionType', 'size': 30}}}}}, 'sort': [{'__connectTime': {'order': 'desc'}}, {'_id': {'order': 'asc'}}], 'query': {'bool': {'filter': {'bool': {'must': [{'range': {'__connectTime': {'format': 'yyyy-MM-dd', 'lte': '2019-10-09', 'gte': '2019-10-02'}}}, {'term': {'__actionType': 'website'}}]}}}}}，从es中搜索数据
2019-10-09 15:36:27,769-DEBUG-========>进入 search_yth_base 函数,['end_time=2019-10-09', '_interested=False', 'size=50', 'begin_time=2019-10-02', 'from=0', 'time_format=yyyy-MM-dd', 'exact_query=False', 'orderType=desc', 'order=__connectTime', 'match_str=None', '__actionType=filetransfer', '__connectTime=True']
2019-10-09 15:36:27,772-DEBUG-按接入时间排序
2019-10-09 15:36:27,773-DEBUG-使用查询语句:{'highlight': {}, 'aggs': {'actionType_agg': {'filter': {'bool': {'must_not': [{'match': {'__actionType': ''}}]}}, 'aggs': {'__actionType': {'terms': {'field': '__actionType', 'size': 30}}}}}, 'sort': [{'__connectTime': {'order': 'desc'}}, {'_id': {'order': 'asc'}}], 'query': {'bool': {'filter': {'bool': {'must': [{'range': {'__connectTime': {'format': 'yyyy-MM-dd', 'lte': '2019-10-09', 'gte': '2019-10-02'}}}, {'term': {'__actionType': 'filetransfer'}}]}}}}}，从es中搜索数据
2019-10-09 15:36:51,804-DEBUG-========>进入 search_yth_base 函数,['end_time=2019-10-09', '_interested=False', 'size=50', 'begin_time=2019-10-02', 'from=0', 'time_format=yyyy-MM-dd', 'exact_query=False', 'orderType=desc', 'order=__connectTime', 'match_str=None', '__actionType=website', '__connectTime=True']
2019-10-09 15:36:51,807-DEBUG-按接入时间排序
2019-10-09 15:36:51,809-DEBUG-使用查询语句:{'highlight': {}, 'aggs': {'actionType_agg': {'filter': {'bool': {'must_not': [{'match': {'__actionType': ''}}]}}, 'aggs': {'__actionType': {'terms': {'field': '__actionType', 'size': 30}}}}}, 'sort': [{'__connectTime': {'order': 'desc'}}, {'_id': {'order': 'asc'}}], 'query': {'bool': {'filter': {'bool': {'must': [{'range': {'__connectTime': {'format': 'yyyy-MM-dd', 'lte': '2019-10-09', 'gte': '2019-10-02'}}}, {'term': {'__actionType': 'website'}}]}}}}}，从es中搜索数据
2019-10-09 15:38:17,448-DEBUG-========>进入 search_yth_base 函数,['end_time=2019-10-09', '_interested=False', 'size=50', 'begin_time=2019-10-02', 'from=0', 'time_format=yyyy-MM-dd', 'exact_query=False', 'orderType=desc', 'order=__connectTime', 'match_str=None', '__actionType=filetransfer', '__connectTime=True']
2019-10-09 15:38:17,451-DEBUG-按接入时间排序
2019-10-09 15:38:17,453-DEBUG-使用查询语句:{'highlight': {}, 'aggs': {'actionType_agg': {'filter': {'bool': {'must_not': [{'match': {'__actionType': ''}}]}}, 'aggs': {'__actionType': {'terms': {'field': '__actionType', 'size': 30}}}}}, 'sort': [{'__connectTime': {'order': 'desc'}}, {'_id': {'order': 'asc'}}], 'query': {'bool': {'filter': {'bool': {'must': [{'range': {'__connectTime': {'format': 'yyyy-MM-dd', 'lte': '2019-10-09', 'gte': '2019-10-02'}}}, {'term': {'__actionType': 'filetransfer'}}]}}}}}，从es中搜索数据
2019-10-09 15:39:29,698-DEBUG-========>进入 search_yth_base 函数,['end_time=2019-10-09', '_interested=False', 'size=50', 'begin_time=2019-10-02', 'from=0', 'time_format=yyyy-MM-dd', 'exact_query=False', 'orderType=desc', 'order=__connectTime', 'match_str=None', '__actionType=website', '__connectTime=True']
2019-10-09 15:39:29,701-DEBUG-按接入时间排序
2019-10-09 15:39:29,702-DEBUG-使用查询语句:{'highlight': {}, 'aggs': {'actionType_agg': {'filter': {'bool': {'must_not': [{'match': {'__actionType': ''}}]}}, 'aggs': {'__actionType': {'terms': {'field': '__actionType', 'size': 30}}}}}, 'sort': [{'__connectTime': {'order': 'desc'}}, {'_id': {'order': 'asc'}}], 'query': {'bool': {'filter': {'bool': {'must': [{'range': {'__connectTime': {'format': 'yyyy-MM-dd', 'lte': '2019-10-09', 'gte': '2019-10-02'}}}, {'term': {'__actionType': 'website'}}]}}}}}，从es中搜索数据
2019-10-09 15:39:41,578-DEBUG-按涉密风险值排序
2019-10-09 15:39:41,580-DEBUG-使用查询语句:{'highlight': {}, 'aggs': {'__alarmKey': {'nested': {'path': '__alarmKey'}, 'aggs': {'group_by_keyword': {'terms': {'field': '__alarmKey.__keyword', 'size': 20}}}}, 'industry': {'filter': {'bool': {'must_not': [{'match': {'__industry': ''}}, {'match': {'__industry': '其它类'}}]}}, 'aggs': {'industry': {'terms': {'field': '__industry', 'size': 50}}}}, 'document': {'filter': {'bool': {'must_not': [{'match': {'__document': ''}}]}}, 'aggs': {'document': {'terms': {'field': '__document', 'size': 20}}}}, 'security': {'filter': {'bool': {'must_not': [{'match': {'__security': ''}}]}}, 'aggs': {'security': {'terms': {'field': '__security', 'size': 50}}}}, 'group_by_platform': {'terms': {'field': '_platforms', 'size': 10}}}, 'sort': [{'__alarmLevel': {'order': 'desc'}}, {'__connectTime': {'order': 'desc'}}], 'query': {'bool': {'must': [{'match_all': {}}], 'filter': {'range': {'__connectTime': {'format': 'yyyy-MM-dd', 'lte': '2019-10-09', 'gte': '2019-10-02'}}}}}}，从es中搜索数据
2019-10-09 15:39:47,844-DEBUG-========>进入 search_yth_base 函数,['end_time=2019-10-09', '_interested=False', 'size=50', 'begin_time=2019-10-02', 'from=0', 'time_format=yyyy-MM-dd', 'exact_query=False', 'orderType=desc', 'order=__connectTime', 'match_str=None', '__actionType=None', '__connectTime=True']
2019-10-09 15:39:47,847-DEBUG-按接入时间排序
2019-10-09 15:39:47,848-DEBUG-使用查询语句:{'highlight': {}, 'aggs': {'actionType_agg': {'filter': {'bool': {'must_not': [{'match': {'__actionType': ''}}]}}, 'aggs': {'__actionType': {'terms': {'field': '__actionType', 'size': 30}}}}}, 'sort': [{'__connectTime': {'order': 'desc'}}, {'_id': {'order': 'asc'}}], 'query': {'bool': {'filter': {'range': {'__connectTime': {'format': 'yyyy-MM-dd', 'lte': '2019-10-09', 'gte': '2019-10-02'}}}}}}，从es中搜索数据
2019-10-09 15:39:50,088-DEBUG-========>进入 search_yth_base 函数,['end_time=2019-10-09', '_interested=False', 'size=50', 'begin_time=2019-10-02', 'from=0', 'time_format=yyyy-MM-dd', 'exact_query=False', 'orderType=desc', 'order=__connectTime', 'match_str=None', '__actionType=website', '__connectTime=True']
2019-10-09 15:39:50,091-DEBUG-按接入时间排序
2019-10-09 15:39:50,093-DEBUG-使用查询语句:{'highlight': {}, 'aggs': {'actionType_agg': {'filter': {'bool': {'must_not': [{'match': {'__actionType': ''}}]}}, 'aggs': {'__actionType': {'terms': {'field': '__actionType', 'size': 30}}}}}, 'sort': [{'__connectTime': {'order': 'desc'}}, {'_id': {'order': 'asc'}}], 'query': {'bool': {'filter': {'bool': {'must': [{'range': {'__connectTime': {'format': 'yyyy-MM-dd', 'lte': '2019-10-09', 'gte': '2019-10-02'}}}, {'term': {'__actionType': 'website'}}]}}}}}，从es中搜索数据
2019-10-09 15:45:58,474-DEBUG-========>进入 search_yth_base 函数,['end_time=2019-10-09', '_interested=False', 'size=50', 'begin_time=2019-10-02', 'from=0', 'time_format=yyyy-MM-dd', 'exact_query=False', 'orderType=desc', 'order=__connectTime', 'match_str=None', '__actionType=filetransfer', '__connectTime=True']
2019-10-09 15:45:58,478-DEBUG-按接入时间排序
2019-10-09 15:45:58,479-DEBUG-使用查询语句:{'highlight': {}, 'aggs': {'actionType_agg': {'filter': {'bool': {'must_not': [{'match': {'__actionType': ''}}]}}, 'aggs': {'__actionType': {'terms': {'field': '__actionType', 'size': 30}}}}}, 'sort': [{'__connectTime': {'order': 'desc'}}, {'_id': {'order': 'asc'}}], 'query': {'bool': {'filter': {'bool': {'must': [{'range': {'__connectTime': {'format': 'yyyy-MM-dd', 'lte': '2019-10-09', 'gte': '2019-10-02'}}}, {'term': {'__actionType': 'filetransfer'}}]}}}}}，从es中搜索数据
2019-10-09 16:00:41,643-DEBUG-按涉密风险值排序
2019-10-09 16:00:41,645-DEBUG-使用查询语句:{'highlight': {}, 'aggs': {'__alarmKey': {'nested': {'path': '__alarmKey'}, 'aggs': {'group_by_keyword': {'terms': {'field': '__alarmKey.__keyword', 'size': 20}}}}, 'industry': {'filter': {'bool': {'must_not': [{'match': {'__industry': ''}}, {'match': {'__industry': '其它类'}}]}}, 'aggs': {'industry': {'terms': {'field': '__industry', 'size': 50}}}}, 'document': {'filter': {'bool': {'must_not': [{'match': {'__document': ''}}]}}, 'aggs': {'document': {'terms': {'field': '__document', 'size': 20}}}}, 'security': {'filter': {'bool': {'must_not': [{'match': {'__security': ''}}]}}, 'aggs': {'security': {'terms': {'field': '__security', 'size': 50}}}}, 'group_by_platform': {'terms': {'field': '_platforms', 'size': 10}}}, 'sort': [{'__alarmLevel': {'order': 'desc'}}, {'__connectTime': {'order': 'desc'}}], 'query': {'bool': {'must': [{'match_all': {}}], 'filter': {'range': {'__connectTime': {'format': 'yyyy-MM-dd', 'lte': '2019-10-09', 'gte': '2019-10-02'}}}}}}，从es中搜索数据
2019-10-09 16:00:54,357-DEBUG-按涉密风险值排序
2019-10-09 16:00:54,360-DEBUG-使用查询语句:{'highlight': {}, 'aggs': {'__alarmKey': {'nested': {'path': '__alarmKey'}, 'aggs': {'group_by_keyword': {'terms': {'field': '__alarmKey.__keyword', 'size': 20}}}}, 'industry': {'filter': {'bool': {'must_not': [{'match': {'__industry': ''}}, {'match': {'__industry': '其它类'}}]}}, 'aggs': {'industry': {'terms': {'field': '__industry', 'size': 50}}}}, 'document': {'filter': {'bool': {'must_not': [{'match': {'__document': ''}}]}}, 'aggs': {'document': {'terms': {'field': '__document', 'size': 20}}}}, 'security': {'filter': {'bool': {'must_not': [{'match': {'__security': ''}}]}}, 'aggs': {'security': {'terms': {'field': '__security', 'size': 50}}}}, 'group_by_platform': {'terms': {'field': '_platforms', 'size': 10}}}, 'sort': [{'__alarmLevel': {'order': 'desc'}}, {'__connectTime': {'order': 'desc'}}], 'query': {'bool': {'must': [{'match_all': {}}], 'filter': {'range': {'__connectTime': {'format': 'yyyy-MM-dd', 'lte': '2019-10-09', 'gte': '2019-10-02'}}}}}}，从es中搜索数据
2019-10-09 16:21:09,467-ERROR-call pro_alarm_list_query( "2019-10-02", "2019-10-09", "", "", "", "0", "1", "0", "0", "__alarmLevel desc", "50", "0", "", "[]")
2019-10-09 16:21:09,468-ERROR-You have an error in your SQL syntax; check the manual that corresponds to your MySQL server version for the right syntax to use near '[]' at line 1
2019-10-09 16:21:47,200-ERROR-call pro_alarm_list_query( "2019-10-02", "2019-10-09", "", "", "", "0", "1", "0", "0", "__alarmLevel desc", "50", "0", "", "[]")
2019-10-09 16:21:47,201-ERROR-You have an error in your SQL syntax; check the manual that corresponds to your MySQL server version for the right syntax to use near '[]' at line 1
2019-10-09 16:22:37,446-ERROR-call pro_alarm_list_query( "2019-10-02", "2019-10-09", "", "", "", "0", "1", "0", "0", "__alarmLevel desc", "50", "0", "", "[]")
2019-10-09 16:22:37,447-ERROR-You have an error in your SQL syntax; check the manual that corresponds to your MySQL server version for the right syntax to use near '[]' at line 1
2019-10-09 16:23:22,240-ERROR-call pro_alarm_list_query( "2018-10-09", "2019-10-09", "", "", "", "0", "1", "0", "0", "__alarmLevel desc", "50", "0", "", "[]")
2019-10-09 16:23:22,241-ERROR-You have an error in your SQL syntax; check the manual that corresponds to your MySQL server version for the right syntax to use near '[]' at line 1
2019-10-09 16:25:09,821-ERROR-call pro_alarm_list_query( "2018-01-01", "2019-10-10", "", "", "", "0", "0", "0", "0", "__alarmType desc", "10", "1", "", "[]")
2019-10-09 16:25:09,823-ERROR-You have an error in your SQL syntax; check the manual that corresponds to your MySQL server version for the right syntax to use near '[]' at line 1
2019-10-09 16:26:04,593-ERROR-call pro_alarm_list_query( "2018-10-09", "2019-10-09", "", "", "", "0", "1", "0", "0", "__alarmLevel desc", "50", "0", "", "[]")
2019-10-09 16:26:04,594-ERROR-You have an error in your SQL syntax; check the manual that corresponds to your MySQL server version for the right syntax to use near '[]' at line 1
2019-10-09 16:28:56,619-ERROR-call pro_alarm_list_query( "2019-07-09", "2019-10-09", "", "", "", "0", "1", "0", "0", "__alarmLevel desc", "50", "0", "", "[]")
2019-10-09 16:28:56,620-ERROR-You have an error in your SQL syntax; check the manual that corresponds to your MySQL server version for the right syntax to use near '[]' at line 1
2019-10-09 16:29:08,832-ERROR-call pro_alarm_list_query( "2019-07-09", "2019-10-09", "", "", "", "0", "1", "0", "0", "__alarmLevel desc", "50", "0", "", "密级")
2019-10-09 16:29:08,834-ERROR-Unknown column '密级' in 'where clause'
2019-10-09 16:29:46,101-ERROR-call pro_alarm_list_query( "2019-09-09", "2019-10-09", "", "", "", "0", "1", "0", "0", "__alarmLevel desc", "50", "0", "", "密级")
2019-10-09 16:29:46,102-ERROR-Unknown column '密级' in 'where clause'
2019-10-09 17:22:28,100-DEBUG-进入 search_sim_doc 函数
2019-10-09 17:25:10,439-DEBUG-进入 query_yth_base_by_md5 函数，查询MD5：2037e5082b7acbd5fb4d4cfcbcea921d的行为记录
2019-10-09 17:25:12,623-DEBUG-进入 query_yth_base_by_md5 函数，查询MD5：2037e5082b7acbd5fb4d4cfcbcea921d的行为记录
2019-10-09 17:25:19,608-DEBUG-进入 query_yth_base_by_md5 函数，查询MD5：2037e5082b7acbd5fb4d4cfcbcea921d的行为记录
2019-10-09 17:25:23,508-DEBUG-进入 query_yth_base_by_md5 函数，查询MD5：2037e5082b7acbd5fb4d4cfcbcea921d的行为记录
2019-10-09 17:25:24,801-DEBUG-进入 query_yth_base_by_md5 函数，查询MD5：2037e5082b7acbd5fb4d4cfcbcea921d的行为记录
2019-10-10 09:25:13,725-INFO-使用consul配置
2019-10-10 09:25:22,471-INFO-使用consul配置
2019-10-10 09:45:34,782-ERROR-call pro_alarm_list_left( "2019-10-03", "2019-10-10", "", "", "", "0", "0", "0", "绝密", "")
2019-10-10 09:45:34,782-ERROR-Unknown column '绝密' in 'where clause'
2019-10-10 09:46:30,306-ERROR-call pro_alarm_list_left( "2019-10-03", "2019-10-10", "", "", "", "0", "0", "0", "", "密级")
2019-10-10 09:46:30,306-ERROR-Unknown column '密级' in 'where clause'
2019-10-10 09:46:39,559-ERROR-call pro_alarm_list_left( "2019-10-03", "2019-10-10", "", "", "", "0", "0", "0", "机密", "")
2019-10-10 09:46:39,560-ERROR-Unknown column '机密' in 'where clause'
2019-10-10 09:47:31,627-ERROR-call pro_alarm_list_left( "2019-10-03", "2019-10-10", "", "", "", "0", "0", "0", "", "[]")
2019-10-10 09:47:31,628-ERROR-You have an error in your SQL syntax; check the manual that corresponds to your MySQL server version for the right syntax to use near '[]
		and cz_status = 'NO'' at line 2
2019-10-10 09:48:27,626-ERROR-call pro_alarm_list_left( "2019-10-03", "2019-10-10", "", "", "", "0", "0", "0", "绝密", "")
2019-10-10 09:48:27,626-ERROR-Unknown column '绝密' in 'where clause'
2019-10-10 09:49:28,018-DEBUG-进入 search_sim_doc 函数
2019-10-10 09:49:31,731-DEBUG-进入 search_sim_doc 函数
2019-10-10 09:49:41,044-DEBUG-进入 query_yth_rarchildren 函数，查询根文件下面的子文件
2019-10-10 09:49:41,078-DEBUG-进入 query_yth_fileana_by_md5 函数 ,4fa79c775a06d56052dc3ecc54e297ee
2019-10-10 09:49:41,759-DEBUG-进入 query_content_text 函数 ,4fa79c775a06d56052dc3ecc54e297ee
2019-10-10 09:49:41,815-DEBUG-进入 search_sim_doc 函数
2019-10-10 09:49:48,905-DEBUG-进入 query_yth_base_by_md5 函数，查询MD5：96f7461f1825e506ef2c28c9ef838569的行为记录
2019-10-10 09:49:56,909-DEBUG-进入 query_yth_base_by_md5 函数，查询MD5：96f7461f1825e506ef2c28c9ef838569的行为记录
2019-10-10 09:50:06,466-DEBUG-进入 query_yth_rarchildren 函数，查询根文件下面的子文件
2019-10-10 09:50:06,552-DEBUG-进入 query_yth_fileana_by_md5 函数 ,1407e9c845018b6b7e860c4c08e49bbc
2019-10-10 09:50:07,101-DEBUG-进入 query_content_text 函数 ,1407e9c845018b6b7e860c4c08e49bbc
2019-10-10 09:50:07,207-DEBUG-进入 search_sim_doc 函数
